New log file opened at Sun Dec 06 18:59:18 PST 2015 by 11070@Azadis-MacBook-Pro.local
Sending msg to client activator-415e2548-6fcf-4a06-894d-37920f9ae2b8: DetachedLogEvent(LogMessage(debug,sbt server socket logs are in: /Users/azadi/hello-scala/.sbtserver/connections/master.log))
Sending msg to client activator-415e2548-6fcf-4a06-894d-37920f9ae2b8: DetachedLogEvent(LogMessage(debug,sbt general server logs are in: /Users/azadi/hello-scala/.sbtserver/master.log))
Sending msg to client activator-415e2548-6fcf-4a06-894d-37920f9ae2b8: DetachedLogEvent(LogMessage(debug,sbt client logs are in: /Users/azadi/hello-scala/.sbtserver/connections/activator-415e2548-6fcf-4a06-894d-37920f9ae2b8.log))
Reading next message from client.
Got request: ListenToEvents()
Reading next message from client.
Sending msg to client activator-415e2548-6fcf-4a06-894d-37920f9ae2b8: (3,ReceivedResponse())
Got request: ListenToBuildChange()
Reading next message from client.
Sending msg to client activator-415e2548-6fcf-4a06-894d-37920f9ae2b8: (4,ReceivedResponse())
Got request: SendSyntheticBuildChanged()
Reading next message from client.
Got request: KeyLookupRequest(discoveredMainClasses)
Reading next message from client.
Got request: KeyLookupRequest(mainClass)
Reading next message from client.
Sending msg to client activator-415e2548-6fcf-4a06-894d-37920f9ae2b8: BuildStructureChanged(MinimalBuildStructure(Vector(file:/Users/azadi/hello-scala/),Vector(BuildData(file:/Users/azadi/hello-scala/,Vector(/Users/azadi/hello-scala/project/target/scala-2.10/sbt-0.13/classes, /Users/azadi/.sbt/boot/scala-2.10.4/com.typesafe.sbtrc/server-0-13/0.3.5/actions-0.13.8.jar, /Users/azadi/.sbt/boot/scala-2.10.4/com.typesafe.sbtrc/server-0-13/0.3.5/api-0.13.8.jar, /Users/azadi/.sbt/boot/scala-2.10.4/com.typesafe.sbtrc/server-0-13/0.3.5/apply-macro-0.13.8.jar, /Users/azadi/.sbt/boot/scala-2.10.4/com.typesafe.sbtrc/server-0-13/0.3.5/cache-0.13.8.jar, /Users/azadi/.sbt/boot/scala-2.10.4/com.typesafe.sbtrc/server-0-13/0.3.5/classfile-0.13.8.jar, /Users/azadi/.sbt/boot/scala-2.10.4/com.typesafe.sbtrc/server-0-13/0.3.5/classpath-0.13.8.jar, /Users/azadi/.sbt/boot/scala-2.10.4/com.typesafe.sbtrc/server-0-13/0.3.5/collections-0.13.8.jar, /Users/azadi/.sbt/boot/scala-2.10.4/com.typesafe.sbtrc/server-0-13/0.3.5/command-0.13.8.jar, /Users/azadi/.sbt/boot/scala-2.10.4/com.typesafe.sbtrc/server-0-13/0.3.5/compile-0.13.8.jar, /Users/azadi/.sbt/boot/scala-2.10.4/com.typesafe.sbtrc/server-0-13/0.3.5/compiler-integration-0.13.8.jar, /Users/azadi/.sbt/boot/scala-2.10.4/com.typesafe.sbtrc/server-0-13/0.3.5/compiler-ivy-integration-0.13.8.jar, /Users/azadi/.sbt/boot/scala-2.10.4/com.typesafe.sbtrc/server-0-13/0.3.5/completion-0.13.8.jar, /Users/azadi/.sbt/boot/scala-2.10.4/com.typesafe.sbtrc/server-0-13/0.3.5/control-0.13.8.jar, /Users/azadi/.sbt/boot/scala-2.10.4/com.typesafe.sbtrc/server-0-13/0.3.5/core-next_2.10-0.1.1.jar, /Users/azadi/.sbt/boot/scala-2.10.4/com.typesafe.sbtrc/server-0-13/0.3.5/cross-0.13.8.jar, /Users/azadi/.sbt/boot/scala-2.10.4/com.typesafe.sbtrc/server-0-13/0.3.5/incremental-compiler-0.13.8.jar, /Users/azadi/.sbt/boot/scala-2.10.4/com.typesafe.sbtrc/server-0-13/0.3.5/io-0.13.8.jar, /Users/azadi/.sbt/boot/scala-2.10.4/com.typesafe.sbtrc/server-0-13/0.3.5/ivy-0.13.8.jar, /Users/azadi/.sbt/boot/scala-2.10.4/com.typesafe.sbtrc/server-0-13/0.3.5/ivy-2.3.0-sbt-fccfbd44c9f64523b61398a0155784dcbaeae28f.jar, /Users/azadi/.sbt/boot/scala-2.10.4/com.typesafe.sbtrc/server-0-13/0.3.5/jawn-parser_2.10-0.6.0.jar, /Users/azadi/.sbt/boot/scala-2.10.4/com.typesafe.sbtrc/server-0-13/0.3.5/jline-2.11.jar, /Users/azadi/.sbt/boot/scala-2.10.4/com.typesafe.sbtrc/server-0-13/0.3.5/jsch-0.1.46.jar, /Users/azadi/.sbt/boot/scala-2.10.4/com.typesafe.sbtrc/server-0-13/0.3.5/json4s-ast_2.10-3.2.10.jar, /Users/azadi/.sbt/boot/scala-2.10.4/com.typesafe.sbtrc/server-0-13/0.3.5/json4s-core_2.10-3.2.10.jar, /Users/azadi/.sbt/boot/scala-2.10.4/com.typesafe.sbtrc/server-0-13/0.3.5/json4s-support_2.10-0.6.0.jar, /Users/azadi/.sbt/boot/scala-2.10.4/com.typesafe.sbtrc/server-0-13/0.3.5/launcher-interface-0.13.8.jar, /Users/azadi/.sbt/boot/scala-2.10.4/com.typesafe.sbtrc/server-0-13/0.3.5/logging-0.13.8.jar, /Users/azadi/.sbt/boot/scala-2.10.4/com.typesafe.sbtrc/server-0-13/0.3.5/logic-0.13.8.jar, /Users/azadi/.sbt/boot/scala-2.10.4/com.typesafe.sbtrc/server-0-13/0.3.5/main-0.13.8.jar, /Users/azadi/.sbt/boot/scala-2.10.4/com.typesafe.sbtrc/server-0-13/0.3.5/main-settings-0.13.8.jar, /Users/azadi/.sbt/boot/scala-2.10.4/com.typesafe.sbtrc/server-0-13/0.3.5/paranamer-2.6.jar, /Users/azadi/.sbt/boot/scala-2.10.4/com.typesafe.sbtrc/server-0-13/0.3.5/persist-0.13.8.jar, /Users/azadi/.sbt/boot/scala-2.10.4/com.typesafe.sbtrc/server-0-13/0.3.5/process-0.13.8.jar, /Users/azadi/.sbt/boot/scala-2.10.4/com.typesafe.sbtrc/server-0-13/0.3.5/quasiquotes_2.10-2.0.1.jar, /Users/azadi/.sbt/boot/scala-2.10.4/com.typesafe.sbtrc/server-0-13/0.3.5/relation-0.13.8.jar, /Users/azadi/.sbt/boot/scala-2.10.4/com.typesafe.sbtrc/server-0-13/0.3.5/run-0.13.8.jar, /Users/azadi/.sbt/boot/scala-2.10.4/com.typesafe.sbtrc/server-0-13/0.3.5/sbinary_2.10-0.4.2.jar, /Users/azadi/.sbt/boot/scala-2.10.4/com.typesafe.sbtrc/server-0-13/0.3.5/sbt-0.13.8.jar, /Users/azadi/.sbt/boot/scala-2.10.4/com.typesafe.sbtrc/server-0-13/0.3.5/scala-pickling_2.10-0.10.0.jar, /Users/azadi/.sbt/boot/scala-2.10.4/com.typesafe.sbtrc/server-0-13/0.3.5/scala-reflect-2.10.4.jar, /Users/azadi/.sbt/boot/scala-2.10.4/com.typesafe.sbtrc/server-0-13/0.3.5/serialization_2.10-0.1.1.jar, /Users/azadi/.sbt/boot/scala-2.10.4/com.typesafe.sbtrc/server-0-13/0.3.5/server-0-13-0.3.5.jar, /Users/azadi/.sbt/boot/scala-2.10.4/com.typesafe.sbtrc/server-0-13/0.3.5/task-system-0.13.8.jar, /Users/azadi/.sbt/boot/scala-2.10.4/com.typesafe.sbtrc/server-0-13/0.3.5/tasks-0.13.8.jar, /Users/azadi/.sbt/boot/scala-2.10.4/com.typesafe.sbtrc/server-0-13/0.3.5/test-agent-0.13.8.jar, /Users/azadi/.sbt/boot/scala-2.10.4/com.typesafe.sbtrc/server-0-13/0.3.5/test-interface-1.0.jar, /Users/azadi/.sbt/boot/scala-2.10.4/com.typesafe.sbtrc/server-0-13/0.3.5/testing-0.13.8.jar, /Users/azadi/.sbt/boot/scala-2.10.4/com.typesafe.sbtrc/server-0-13/0.3.5/tracking-0.13.8.jar, /Users/azadi/.sbt/boot/scala-2.10.4/com.typesafe.sbtrc/server-0-13/0.3.5/xsbti/interface-0.13.8.jar, /Users/azadi/.sbt/boot/scala-2.10.4/lib/jansi.jar, /Users/azadi/.sbt/boot/scala-2.10.4/lib/jline.jar, /Users/azadi/.sbt/boot/scala-2.10.4/lib/scala-compiler.jar, /Users/azadi/.sbt/boot/scala-2.10.4/lib/scala-library.jar, /Users/azadi/.sbt/boot/scala-2.10.4/lib/scala-reflect.jar),Vector(import sbt._, Keys._, dsl._, import _root_.sbt.plugins.IvyPlugin, _root_.sbt.plugins.JvmPlugin, _root_.sbt.plugins.CorePlugin, _root_.sbt.plugins.JUnitXmlReportPlugin))),Vector(MinimalProjectStructure(ProjectReference(file:/Users/azadi/hello-scala/,hello-scala),Vector(sbt.plugins.CorePlugin, sbt.plugins.IvyPlugin, sbt.plugins.JvmPlugin, sbt.plugins.JUnitXmlReportPlugin),Some(ProjectDependencies(List(),List()))))))
Sending msg to client activator-415e2548-6fcf-4a06-894d-37920f9ae2b8: (6,KeyLookupResponse(discoveredMainClasses,Vector(AttributeKey[scala.collection.Seq[java.lang.String]]("discoveredMainClasses") in Scope(Build: file:/Users/azadi/hello-scala/, , Project: ProjectReference(file:/Users/azadi/hello-scala/,hello-scala), Config: compile))))
Sending msg to client activator-415e2548-6fcf-4a06-894d-37920f9ae2b8: (7,KeyLookupResponse(mainClass,Vector(AttributeKey[scala.Option[java.lang.String]]("mainClass") in Scope(Build: file:/Users/azadi/hello-scala/, , Project: ProjectReference(file:/Users/azadi/hello-scala/,hello-scala), Config: compile))))
Got request: KeyLookupRequest(discoveredMainClasses)
Reading next message from client.
Got request: KeyLookupRequest(mainClass)
Reading next message from client.
Sending msg to client activator-415e2548-6fcf-4a06-894d-37920f9ae2b8: (8,KeyLookupResponse(discoveredMainClasses,Vector(AttributeKey[scala.collection.Seq[java.lang.String]]("discoveredMainClasses") in Scope(Build: file:/Users/azadi/hello-scala/, , Project: ProjectReference(file:/Users/azadi/hello-scala/,hello-scala), Config: compile))))
Got request: ListenToValue(AttributeKey[scala.Option[java.lang.String]]("mainClass") in Scope(Build: file:/Users/azadi/hello-scala/, , Project: ProjectReference(file:/Users/azadi/hello-scala/,hello-scala), Config: compile))
Reading next message from client.
Got request: SendSyntheticValueChanged(AttributeKey[scala.Option[java.lang.String]]("mainClass") in Scope(Build: file:/Users/azadi/hello-scala/, , Project: ProjectReference(file:/Users/azadi/hello-scala/,hello-scala), Config: compile))
Reading next message from client.
Got request: ListenToValue(AttributeKey[scala.collection.Seq[java.lang.String]]("discoveredMainClasses") in Scope(Build: file:/Users/azadi/hello-scala/, , Project: ProjectReference(file:/Users/azadi/hello-scala/,hello-scala), Config: compile))
Reading next message from client.
Got request: SendSyntheticValueChanged(AttributeKey[scala.collection.Seq[java.lang.String]]("discoveredMainClasses") in Scope(Build: file:/Users/azadi/hello-scala/, , Project: ProjectReference(file:/Users/azadi/hello-scala/,hello-scala), Config: compile))
Reading next message from client.
Sending msg to client activator-415e2548-6fcf-4a06-894d-37920f9ae2b8: (9,KeyLookupResponse(mainClass,Vector(AttributeKey[scala.Option[java.lang.String]]("mainClass") in Scope(Build: file:/Users/azadi/hello-scala/, , Project: ProjectReference(file:/Users/azadi/hello-scala/,hello-scala), Config: compile))))
Sending msg to client activator-415e2548-6fcf-4a06-894d-37920f9ae2b8: (10,ReceivedResponse())
Sending msg to client activator-415e2548-6fcf-4a06-894d-37920f9ae2b8: ExecutionWaiting(1,{file:/Users/azadi/hello-scala/}hello-scala/compile:mainClass,ClientInfo(415e2548-6fcf-4a06-894d-37920f9ae2b8,activator,Activator,3,Vector()))
Sending msg to client activator-415e2548-6fcf-4a06-894d-37920f9ae2b8: ExecutionStarting(1)
Sending msg to client activator-415e2548-6fcf-4a06-894d-37920f9ae2b8: (11,ReceivedResponse())
Sending msg to client activator-415e2548-6fcf-4a06-894d-37920f9ae2b8: DetachedLogEvent(LogMessage(debug,> {file:/Users/azadi/hello-scala/}hello-scala/compile:mainClass))
Sending msg to client activator-415e2548-6fcf-4a06-894d-37920f9ae2b8: (12,ReceivedResponse())
Sending msg to client activator-415e2548-6fcf-4a06-894d-37920f9ae2b8: ExecutionWaiting(2,{file:/Users/azadi/hello-scala/}hello-scala/compile:discoveredMainClasses,ClientInfo(415e2548-6fcf-4a06-894d-37920f9ae2b8,activator,Activator,3,Vector()))
Sending msg to client activator-415e2548-6fcf-4a06-894d-37920f9ae2b8: (13,ReceivedResponse())
Sending msg to client activator-415e2548-6fcf-4a06-894d-37920f9ae2b8: DetachedLogEvent(LogMessage(debug,Evaluating tasks: compile:mainClass))
Sending msg to client activator-415e2548-6fcf-4a06-894d-37920f9ae2b8: DetachedLogEvent(LogMessage(debug,Running task... Cancel: sbt.server.ServerTaskCancellation@65165007, check cycles: false))
Sending msg to client activator-415e2548-6fcf-4a06-894d-37920f9ae2b8: DetachedLogEvent(LogMessage(debug,cancel strategy start enabled=true lastCommand=Some(LastCommand(CommandExecutionWork(ExecutionId(1),{file:/Users/azadi/hello-scala/}hello-scala/compile:mainClass,Set(LiveClient(activator 415e2548-6fcf-4a06-894d-37920f9ae2b8)),sbt.server.WorkCancellationStatus$$anon$1@425ade13)))))
Sending msg to client activator-415e2548-6fcf-4a06-894d-37920f9ae2b8: TaskStarted(1,5,None)
Sending msg to client activator-415e2548-6fcf-4a06-894d-37920f9ae2b8: TaskStarted(1,14,Some(AttributeKey[sbt.inc.IncOptions]("incOptions") in Scope(Global)))
Sending msg to client activator-415e2548-6fcf-4a06-894d-37920f9ae2b8: TaskStarted(1,15,Some(AttributeKey[java.lang.String]("compileAnalysisFilename") in Scope(Build: file:/Users/azadi/hello-scala/, , Project: ProjectReference(file:/Users/azadi/hello-scala/,hello-scala), Config: compile)))
Sending msg to client activator-415e2548-6fcf-4a06-894d-37920f9ae2b8: TaskStarted(1,22,None)
Sending msg to client activator-415e2548-6fcf-4a06-894d-37920f9ae2b8: TaskStarted(1,28,None)
Sending msg to client activator-415e2548-6fcf-4a06-894d-37920f9ae2b8: TaskStarted(1,29,None)
Sending msg to client activator-415e2548-6fcf-4a06-894d-37920f9ae2b8: TaskStarted(1,36,Some(AttributeKey[scala.collection.Seq[sbt.Credentials]]("credentials") in Scope(Global)))
Sending msg to client activator-415e2548-6fcf-4a06-894d-37920f9ae2b8: TaskStarted(1,40,Some(AttributeKey[scala.Option[scala.collection.Seq[sbt.Resolver]]]("bootResolvers") in Scope(Build: file:/Users/azadi/hello-scala/, , Project: ProjectReference(file:/Users/azadi/hello-scala/,hello-scala))))
Sending msg to client activator-415e2548-6fcf-4a06-894d-37920f9ae2b8: TaskStarted(1,41,Some(AttributeKey[scala.collection.Seq[sbt.Resolver]]("externalResolvers") in Scope(Build: file:/Users/azadi/hello-scala/, , Project: ProjectReference(file:/Users/azadi/hello-scala/,hello-scala))))
Sending msg to client activator-415e2548-6fcf-4a06-894d-37920f9ae2b8: TaskStarted(1,48,Some(AttributeKey[java.lang.String]("updateCacheName") in Scope(Build: file:/Users/azadi/hello-scala/, , Project: ProjectReference(file:/Users/azadi/hello-scala/,hello-scala))))
Sending msg to client activator-415e2548-6fcf-4a06-894d-37920f9ae2b8: TaskStarted(1,50,Some(AttributeKey[boolean]("skip") in Scope(Global)))
Sending msg to client activator-415e2548-6fcf-4a06-894d-37920f9ae2b8: TaskStarted(1,51,None)
Sending msg to client activator-415e2548-6fcf-4a06-894d-37920f9ae2b8: TaskStarted(1,53,None)
Sending msg to client activator-415e2548-6fcf-4a06-894d-37920f9ae2b8: TaskStarted(1,54,None)
Sending msg to client activator-415e2548-6fcf-4a06-894d-37920f9ae2b8: TaskStarted(1,66,Some(AttributeKey[scala.Function1[java.io.File,scala.Function1[java.lang.String,boolean]]]("definesClass") in Scope(Global)))
Sending msg to client activator-415e2548-6fcf-4a06-894d-37920f9ae2b8: TaskStarted(1,71,Some(AttributeKey[sbt.SendEventService]("sendEventService") in Scope(Global)))
Sending msg to client activator-415e2548-6fcf-4a06-894d-37920f9ae2b8: TaskStarted(1,73,Some(AttributeKey[scala.collection.Seq[java.lang.String]]("javacOptions") in Scope(Global)))
Sending msg to client activator-415e2548-6fcf-4a06-894d-37920f9ae2b8: TaskStarted(1,76,Some(AttributeKey[scala.collection.Seq[java.lang.String]]("scalacOptions") in Scope(Global)))
Sending msg to client activator-415e2548-6fcf-4a06-894d-37920f9ae2b8: TaskStarted(1,80,Some(AttributeKey[scala.collection.Seq[java.io.File]]("unmanagedSources") in Scope(Build: file:/Users/azadi/hello-scala/, , Project: ProjectReference(file:/Users/azadi/hello-scala/,hello-scala), Config: compile)))
Sending msg to client activator-415e2548-6fcf-4a06-894d-37920f9ae2b8: TaskStarted(1,82,None)
Sending msg to client activator-415e2548-6fcf-4a06-894d-37920f9ae2b8: TaskStarted(1,86,None)
Sending msg to client activator-415e2548-6fcf-4a06-894d-37920f9ae2b8: TaskStarted(1,87,Some(AttributeKey[scala.collection.Seq[scala.Function1[xsbti.Position,scala.Option[xsbti.Position]]]]("sourcePositionMappers") in Scope(Global)))
Sending msg to client activator-415e2548-6fcf-4a06-894d-37920f9ae2b8: TaskFinished(1,5,None,true,None)
Sending msg to client activator-415e2548-6fcf-4a06-894d-37920f9ae2b8: TaskStarted(1,4,None)
Sending msg to client activator-415e2548-6fcf-4a06-894d-37920f9ae2b8: TaskStarted(1,12,None)
Sending msg to client activator-415e2548-6fcf-4a06-894d-37920f9ae2b8: TaskStarted(1,25,None)
Sending msg to client activator-415e2548-6fcf-4a06-894d-37920f9ae2b8: TaskStarted(1,35,None)
Sending msg to client activator-415e2548-6fcf-4a06-894d-37920f9ae2b8: TaskStarted(1,38,None)
Sending msg to client activator-415e2548-6fcf-4a06-894d-37920f9ae2b8: TaskStarted(1,44,None)
Sending msg to client activator-415e2548-6fcf-4a06-894d-37920f9ae2b8: TaskStarted(1,49,None)
Sending msg to client activator-415e2548-6fcf-4a06-894d-37920f9ae2b8: TaskStarted(1,55,None)
Sending msg to client activator-415e2548-6fcf-4a06-894d-37920f9ae2b8: TaskStarted(1,59,None)
Sending msg to client activator-415e2548-6fcf-4a06-894d-37920f9ae2b8: TaskStarted(1,62,None)
Sending msg to client activator-415e2548-6fcf-4a06-894d-37920f9ae2b8: TaskStarted(1,64,None)
Sending msg to client activator-415e2548-6fcf-4a06-894d-37920f9ae2b8: TaskStarted(1,65,None)
Sending msg to client activator-415e2548-6fcf-4a06-894d-37920f9ae2b8: TaskStarted(1,68,None)
Sending msg to client activator-415e2548-6fcf-4a06-894d-37920f9ae2b8: TaskStarted(1,70,None)
Sending msg to client activator-415e2548-6fcf-4a06-894d-37920f9ae2b8: TaskStarted(1,74,None)
Sending msg to client activator-415e2548-6fcf-4a06-894d-37920f9ae2b8: TaskStarted(1,84,None)
Sending msg to client activator-415e2548-6fcf-4a06-894d-37920f9ae2b8: TaskFinished(1,14,Some(AttributeKey[sbt.inc.IncOptions]("incOptions") in Scope(Global)),true,None)
Sending msg to client activator-415e2548-6fcf-4a06-894d-37920f9ae2b8: TaskStarted(1,13,Some(AttributeKey[sbt.inc.IncOptions]("incOptions") in Scope(Build: file:/Users/azadi/hello-scala/, , Project: ProjectReference(file:/Users/azadi/hello-scala/,hello-scala))))
Sending msg to client activator-415e2548-6fcf-4a06-894d-37920f9ae2b8: TaskFinished(1,15,Some(AttributeKey[java.lang.String]("compileAnalysisFilename") in Scope(Build: file:/Users/azadi/hello-scala/, , Project: ProjectReference(file:/Users/azadi/hello-scala/,hello-scala), Config: compile)),true,None)
Sending msg to client activator-415e2548-6fcf-4a06-894d-37920f9ae2b8: TaskFinished(1,22,None,true,None)
Sending msg to client activator-415e2548-6fcf-4a06-894d-37920f9ae2b8: TaskStarted(1,21,Some(AttributeKey[sbt.BuildStructure]("buildStructure") in Scope(Global)))
Sending msg to client activator-415e2548-6fcf-4a06-894d-37920f9ae2b8: TaskStarted(1,45,Some(AttributeKey[java.io.File]("dependencyCacheDirectory") in Scope(Build: file:/Users/azadi/hello-scala/, , Project: ProjectReference(file:/Users/azadi/hello-scala/,hello-scala))))
Sending msg to client activator-415e2548-6fcf-4a06-894d-37920f9ae2b8: TaskStarted(1,67,Some(AttributeKey[xsbti.compile.GlobalsCache]("compilerCache") in Scope(Global)))
Sending msg to client activator-415e2548-6fcf-4a06-894d-37920f9ae2b8: TaskFinished(1,28,None,true,None)
Sending msg to client activator-415e2548-6fcf-4a06-894d-37920f9ae2b8: TaskFinished(1,29,None,true,None)
Sending msg to client activator-415e2548-6fcf-4a06-894d-37920f9ae2b8: TaskStarted(1,27,Some(AttributeKey[scala.collection.Seq[sbt.UpdateReport]]("transitiveUpdate") in Scope(Build: file:/Users/azadi/hello-scala/, , Project: ProjectReference(file:/Users/azadi/hello-scala/,hello-scala))))
Sending msg to client activator-415e2548-6fcf-4a06-894d-37920f9ae2b8: TaskFinished(1,36,Some(AttributeKey[scala.collection.Seq[sbt.Credentials]]("credentials") in Scope(Global)),true,None)
Sending msg to client activator-415e2548-6fcf-4a06-894d-37920f9ae2b8: TaskFinished(1,40,Some(AttributeKey[scala.Option[scala.collection.Seq[sbt.Resolver]]]("bootResolvers") in Scope(Build: file:/Users/azadi/hello-scala/, , Project: ProjectReference(file:/Users/azadi/hello-scala/,hello-scala))),true,None)
Sending msg to client activator-415e2548-6fcf-4a06-894d-37920f9ae2b8: TaskFinished(1,41,Some(AttributeKey[scala.collection.Seq[sbt.Resolver]]("externalResolvers") in Scope(Build: file:/Users/azadi/hello-scala/, , Project: ProjectReference(file:/Users/azadi/hello-scala/,hello-scala))),true,None)
Sending msg to client activator-415e2548-6fcf-4a06-894d-37920f9ae2b8: TaskFinished(1,48,Some(AttributeKey[java.lang.String]("updateCacheName") in Scope(Build: file:/Users/azadi/hello-scala/, , Project: ProjectReference(file:/Users/azadi/hello-scala/,hello-scala))),true,None)
Sending msg to client activator-415e2548-6fcf-4a06-894d-37920f9ae2b8: TaskFinished(1,50,Some(AttributeKey[boolean]("skip") in Scope(Global)),true,None)
Sending msg to client activator-415e2548-6fcf-4a06-894d-37920f9ae2b8: TaskFinished(1,51,None,true,None)
Sending msg to client activator-415e2548-6fcf-4a06-894d-37920f9ae2b8: TaskFinished(1,53,None,true,None)
Sending msg to client activator-415e2548-6fcf-4a06-894d-37920f9ae2b8: TaskFinished(1,54,None,true,None)
Sending msg to client activator-415e2548-6fcf-4a06-894d-37920f9ae2b8: TaskFinished(1,66,Some(AttributeKey[scala.Function1[java.io.File,scala.Function1[java.lang.String,boolean]]]("definesClass") in Scope(Global)),true,None)
Sending msg to client activator-415e2548-6fcf-4a06-894d-37920f9ae2b8: TaskFinished(1,71,Some(AttributeKey[sbt.SendEventService]("sendEventService") in Scope(Global)),true,None)
Sending msg to client activator-415e2548-6fcf-4a06-894d-37920f9ae2b8: TaskFinished(1,73,Some(AttributeKey[scala.collection.Seq[java.lang.String]]("javacOptions") in Scope(Global)),true,None)
Sending msg to client activator-415e2548-6fcf-4a06-894d-37920f9ae2b8: TaskFinished(1,76,Some(AttributeKey[scala.collection.Seq[java.lang.String]]("scalacOptions") in Scope(Global)),true,None)
Sending msg to client activator-415e2548-6fcf-4a06-894d-37920f9ae2b8: TaskFinished(1,80,Some(AttributeKey[scala.collection.Seq[java.io.File]]("unmanagedSources") in Scope(Build: file:/Users/azadi/hello-scala/, , Project: ProjectReference(file:/Users/azadi/hello-scala/,hello-scala), Config: compile)),true,None)
Sending msg to client activator-415e2548-6fcf-4a06-894d-37920f9ae2b8: TaskStarted(1,79,Some(AttributeKey[scala.collection.Seq[java.io.File]]("unmanagedSources") in Scope(Build: file:/Users/azadi/hello-scala/, , Project: ProjectReference(file:/Users/azadi/hello-scala/,hello-scala), Config: compile)))
Sending msg to client activator-415e2548-6fcf-4a06-894d-37920f9ae2b8: TaskFinished(1,82,None,true,None)
Sending msg to client activator-415e2548-6fcf-4a06-894d-37920f9ae2b8: TaskStarted(1,81,Some(AttributeKey[scala.collection.Seq[java.io.File]]("managedSources") in Scope(Build: file:/Users/azadi/hello-scala/, , Project: ProjectReference(file:/Users/azadi/hello-scala/,hello-scala), Config: compile)))
Sending msg to client activator-415e2548-6fcf-4a06-894d-37920f9ae2b8: TaskFinished(1,86,None,true,None)
Sending msg to client activator-415e2548-6fcf-4a06-894d-37920f9ae2b8: TaskFinished(1,87,Some(AttributeKey[scala.collection.Seq[scala.Function1[xsbti.Position,scala.Option[xsbti.Position]]]]("sourcePositionMappers") in Scope(Global)),true,None)
Sending msg to client activator-415e2548-6fcf-4a06-894d-37920f9ae2b8: TaskFinished(1,4,None,true,None)
Sending msg to client activator-415e2548-6fcf-4a06-894d-37920f9ae2b8: TaskFinished(1,12,None,true,None)
Sending msg to client activator-415e2548-6fcf-4a06-894d-37920f9ae2b8: TaskFinished(1,25,None,true,None)
Sending msg to client activator-415e2548-6fcf-4a06-894d-37920f9ae2b8: TaskFinished(1,35,None,true,None)
Sending msg to client activator-415e2548-6fcf-4a06-894d-37920f9ae2b8: TaskFinished(1,38,None,true,None)
Sending msg to client activator-415e2548-6fcf-4a06-894d-37920f9ae2b8: TaskFinished(1,44,None,true,None)
Sending msg to client activator-415e2548-6fcf-4a06-894d-37920f9ae2b8: TaskFinished(1,49,None,true,None)
Sending msg to client activator-415e2548-6fcf-4a06-894d-37920f9ae2b8: TaskStarted(1,47,Some(AttributeKey[scala.collection.immutable.Map[sbt.ModuleID,sbt.SourcePosition]]("dependencyPositions") in Scope(Build: file:/Users/azadi/hello-scala/, , Project: ProjectReference(file:/Users/azadi/hello-scala/,hello-scala))))
Sending msg to client activator-415e2548-6fcf-4a06-894d-37920f9ae2b8: TaskFinished(1,55,None,true,None)
Sending msg to client activator-415e2548-6fcf-4a06-894d-37920f9ae2b8: TaskFinished(1,59,None,true,None)
Sending msg to client activator-415e2548-6fcf-4a06-894d-37920f9ae2b8: TaskFinished(1,62,None,true,None)
Sending msg to client activator-415e2548-6fcf-4a06-894d-37920f9ae2b8: TaskFinished(1,64,None,true,None)
Sending msg to client activator-415e2548-6fcf-4a06-894d-37920f9ae2b8: TaskFinished(1,65,None,true,None)
Sending msg to client activator-415e2548-6fcf-4a06-894d-37920f9ae2b8: TaskFinished(1,68,None,true,None)
Sending msg to client activator-415e2548-6fcf-4a06-894d-37920f9ae2b8: TaskFinished(1,70,None,true,None)
Sending msg to client activator-415e2548-6fcf-4a06-894d-37920f9ae2b8: TaskFinished(1,74,None,true,None)
Sending msg to client activator-415e2548-6fcf-4a06-894d-37920f9ae2b8: TaskFinished(1,84,None,true,None)
Sending msg to client activator-415e2548-6fcf-4a06-894d-37920f9ae2b8: TaskFinished(1,13,Some(AttributeKey[sbt.inc.IncOptions]("incOptions") in Scope(Build: file:/Users/azadi/hello-scala/, , Project: ProjectReference(file:/Users/azadi/hello-scala/,hello-scala))),true,None)
Sending msg to client activator-415e2548-6fcf-4a06-894d-37920f9ae2b8: TaskFinished(1,21,Some(At